<?xml version="1.0" encoding="UTF-8"?>
<testsuite xmlns:xsi="http://www.w3.org/2001/XMLSchema-instance" xsi:noNamespaceSchemaLocation="https://maven.apache.org/surefire/maven-surefire-plugin/xsd/surefire-test-report.xsd" name="com.tutorial.test.CalculatorTest" time="0.039" tests="3" errors="0" skipped="1" failures="0">
  <properties>
[...]
</properties>
  <testcase name="testDivideError" classname="com.tutorial.test.CalculatorTest" time="0.032"/>
  <testcase name="testAddSuccess" classname="com.tutorial.test.CalculatorTest" time="0"/>
  <testcase name="testDivideSuccess" classname="com.tutorial.test.CalculatorTest" time="0">
    <skipped message="public void com.tutorial.test.CalculatorTest.testDivideSuccess() is @Disabled"/>
  </testcase>
</testsuite>